Starting ChromeDriver 138.0.7204.168 (3e8d82e86e9f508e88ed406c2a24657a6c691d30-refs/branch-heads/7204@{#2081}) on port 50876
Only local connections are allowed.
Please see https://chromedriver.chromium.org/security-considerations for suggestions on keeping ChromeDriver safe.
ChromeDriver was started successfully on port 50876.
[1753684105.078][INFO]: [aba42efedc09e3f14314c2ff9445b6d9] COMMAND InitSession {
   "capabilities": {
      "alwaysMatch": {
         "browserName": "chrome",
         "goog:chromeOptions": {
            "args": [ "--disable-gpu", "--remote-debugging-port=9222" ],
            "binary": "/Applications/Google Chrome.app/Contents/MacOS/Google Chrome"
         }
      },
      "firstMatch": [ {
      } ]
   }
}
[1753684105.079][INFO]: Populating Preferences file: {
   "alternate_error_pages": {
      "enabled": false
   },
   "autofill": {
      "enabled": false
   },
   "browser": {
      "check_default_browser": false
   },
   "distribution": {
      "import_bookmarks": false,
      "import_history": false,
      "import_search_engine": false,
      "make_chrome_default_for_user": false,
      "skip_first_run_ui": true
   },
   "dns_prefetching": {
      "enabled": false
   },
   "profile": {
      "content_settings": {
         "pattern_pairs": {
            "https://*,*": {
               "media-stream": {
                  "audio": "Default",
                  "video": "Default"
               }
            }
         }
      },
      "default_content_setting_values": {
         "geolocation": 1
      },
      "default_content_settings": {
         "geolocation": 1,
         "mouselock": 1,
         "notifications": 1,
         "popups": 1,
         "ppapi-broker": 1
      },
      "password_manager_enabled": false
   },
   "safebrowsing": {
      "enabled": false
   },
   "search": {
      "suggest_enabled": false
   },
   "translate": {
      "enabled": false
   }
}
[1753684105.079][INFO]: Populating Local State file: {
   "background_mode": {
      "enabled": false
   },
   "ssl": {
      "rev_checking": {
         "enabled": false
      }
   }
}
[1753684105.079][INFO]: ChromeDriver supports communication with Chrome via pipes. This is more reliable and more secure.
[1753684105.079][INFO]: Use the --remote-debugging-pipe Chrome switch instead of the default --remote-debugging-port to enable this communication mode.
[1753684105.079][INFO]: Launching chrome: /Applications/Google Chrome.app/Contents/MacOS/Google Chrome --allow-pre-commit-input --disable-background-networking --disable-client-side-phishing-detection --disable-default-apps --disable-gpu --disable-hang-monitor --disable-popup-blocking --disable-prompt-on-repost --disable-sync --enable-automation --enable-logging=stderr --log-level=0 --no-first-run --no-service-autorun --password-store=basic --remote-debugging-port=9222 --test-type=webdriver --use-mock-keychain --user-data-dir=/var/folders/0c/zt_vt_rd581cqfh__yky_n800000gn/T/.org.chromium.Chromium.oZI3qO data:,
[1753684105.079][DEBUG]: DevTools HTTP Request: http://localhost:9222/json/version
[1753684105.080][DEBUG]: DevTools HTTP Request failed
[1753684105.135][DEBUG]: DevTools HTTP Request: http://localhost:9222/json/version
[1753684105.135][DEBUG]: DevTools HTTP Request failed
[1753684105.190][DEBUG]: DevTools HTTP Request: http://localhost:9222/json/version
[1753684105.191][DEBUG]: DevTools HTTP Request failed
[1753684105.246][DEBUG]: DevTools HTTP Request: http://localhost:9222/json/version
[1753684105.246][DEBUG]: DevTools HTTP Request failed

DevTools listening on ws://127.0.0.1:9222/devtools/browser/23110a27-71b1-4663-a503-5cf733a4b283
[1753684105.302][DEBUG]: DevTools HTTP Request: http://localhost:9222/json/version
[1753684105.672][DEBUG]: DevTools HTTP Response: {
   "Browser": "Chrome/138.0.7204.169",
   "Protocol-Version": "1.3",
   "User-Agent": "Mozilla/5.0 (Macintosh; Intel Mac OS X 10_15_7) AppleWebKit/537.36 (KHTML, like Gecko) Chrome/138.0.0.0 Safari/537.36",
   "V8-Version": "13.8.258.29",
   "WebKit-Version": "537.36 (@f67687ed433da666b8d134ca10de067bcc94c6fe)",
   "webSocketDebuggerUrl": "ws://localhost:9222/devtools/browser/23110a27-71b1-4663-a503-5cf733a4b283"
}

[1753684105.672][DEBUG]: DevTools HTTP Request: http://localhost:9222/json/list
[1753684105.682][DEBUG]: DevTools HTTP Response: [ {
   "description": "",
   "devtoolsFrontendUrl": "https://chrome-devtools-frontend.appspot.com/serve_rev/@f67687ed433da666b8d134ca10de067bcc94c6fe/inspector.html?ws=localhost:9222/devtools/page/2EE7C252918D717F42B5D869A5B5CAB0",
   "id": "2EE7C252918D717F42B5D869A5B5CAB0",
   "title": "",
   "type": "page",
   "url": "data:,",
   "webSocketDebuggerUrl": "ws://localhost:9222/devtools/page/2EE7C252918D717F42B5D869A5B5CAB0"
} ]

[1753684105.686][INFO]: resolved localhost to ["127.0.0.1","::1"]
[1753684105.692][DEBUG]: DevTools WebSocket Command: Target.getTargets (id=1) (session_id=) browser {
   "filter": [ {
      "exclude": true,
      "type": "browser"
   }, {
      "exclude": true,
      "type": "page"
   }, {
      "exclude": false
   } ]
}
[1753684105.694][DEBUG]: DevTools WebSocket Response: Target.getTargets (id=1) (session_id=) browser {
   "targetInfos": [ {
      "attached": false,
      "browserContextId": "141F57BA08FE5A11BED69B75ACB04AB8",
      "canAccessOpener": false,
      "targetId": "CF9CAE38EA276C54E816DBCF5BA5429D",
      "title": "data:,",
      "type": "tab",
      "url": "data:,"
   } ]
}
[1753684105.694][DEBUG]: DevTools WebSocket Command: Target.attachToTarget (id=2) (session_id=) browser {
   "flatten": true,
   "targetId": "CF9CAE38EA276C54E816DBCF5BA5429D"
}
[1753684105.699][DEBUG]: DevTools WebSocket Event: Target.attachedToTarget (session_id=) browser {
   "sessionId": "74469211D1106BBE1EF9A36F82C61D3B",
   "targetInfo": {
      "attached": true,
      "browserContextId": "141F57BA08FE5A11BED69B75ACB04AB8",
      "canAccessOpener": false,
      "targetId": "CF9CAE38EA276C54E816DBCF5BA5429D",
      "title": "data:,",
      "type": "tab",
      "url": "data:,"
   },
   "waitingForDebugger": false
}
[1753684105.699][DEBUG]: DevTools WebSocket Response: Target.attachToTarget (id=2) (session_id=) browser {
   "sessionId": "74469211D1106BBE1EF9A36F82C61D3B"
}
[1753684105.699][DEBUG]: DevTools WebSocket Command: Target.setAutoAttach (id=3) (session_id=74469211D1106BBE1EF9A36F82C61D3B) CF9CAE38EA276C54E816DBCF5BA5429D {
   "autoAttach": true,
   "flatten": true,
   "waitForDebuggerOnStart": false
}
[1753684105.699][DEBUG]: DevTools WebSocket Event: Target.attachedToTarget (session_id=74469211D1106BBE1EF9A36F82C61D3B) CF9CAE38EA276C54E816DBCF5BA5429D {
   "sessionId": "9CE3E02BFB9CC8ACF9A966ADF7C2A1EE",
   "targetInfo": {
      "attached": true,
      "browserContextId": "141F57BA08FE5A11BED69B75ACB04AB8",
      "canAccessOpener": false,
      "targetId": "2EE7C252918D717F42B5D869A5B5CAB0",
      "title": "data:,",
      "type": "page",
      "url": "data:,"
   },
   "waitingForDebugger": false
}
[1753684105.699][DEBUG]: DevTools WebSocket Command: Page.enable (id=4) (session_id=9CE3E02BFB9CC8ACF9A966ADF7C2A1EE) 2EE7C252918D717F42B5D869A5B5CAB0 {
}
[1753684105.699][DEBUG]: DevTools WebSocket Command: Page.addScriptToEvaluateOnNewDocument (id=5) (session_id=9CE3E02BFB9CC8ACF9A966ADF7C2A1EE) 2EE7C252918D717F42B5D869A5B5CAB0 {
   "source": "(function () {window.cdc_adoQpoasnfa76pfcZLmcfl_Array = window.Array;window.cdc_adoQpoasnfa76pfcZLmcfl_Object = window.Object;window.cdc_adoQpoasnfa76pfcZLmcfl_Promise = window.Promise;window.cdc_a..."
}
[1753684105.699][DEBUG]: DevTools WebSocket Command: Runtime.evaluate (id=6) (session_id=9CE3E02BFB9CC8ACF9A966ADF7C2A1EE) 2EE7C252918D717F42B5D869A5B5CAB0 {
   "expression": "(function () {window.cdc_adoQpoasnfa76pfcZLmcfl_Array = window.Array;window.cdc_adoQpoasnfa76pfcZLmcfl_Object = window.Object;window.cdc_adoQpoasnfa76pfcZLmcfl_Promise = window.Promise;window.cdc_a..."
}
[1753684105.699][DEBUG]: DevTools WebSocket Command: Log.enable (id=7) (session_id=9CE3E02BFB9CC8ACF9A966ADF7C2A1EE) 2EE7C252918D717F42B5D869A5B5CAB0 {
}
[1753684105.699][DEBUG]: DevTools WebSocket Command: Target.setAutoAttach (id=8) (session_id=9CE3E02BFB9CC8ACF9A966ADF7C2A1EE) 2EE7C252918D717F42B5D869A5B5CAB0 {
   "autoAttach": true,
   "flatten": true,
   "waitForDebuggerOnStart": false
}
[1753684105.699][DEBUG]: DevTools WebSocket Response: Target.setAutoAttach (id=3) (session_id=74469211D1106BBE1EF9A36F82C61D3B) CF9CAE38EA276C54E816DBCF5BA5429D {
}
[1753684105.699][DEBUG]: DevTools WebSocket Response: Page.enable (id=4) (session_id=9CE3E02BFB9CC8ACF9A966ADF7C2A1EE) 2EE7C252918D717F42B5D869A5B5CAB0 {
}
[1753684105.699][DEBUG]: DevTools WebSocket Response: Page.addScriptToEvaluateOnNewDocument (id=5) (session_id=9CE3E02BFB9CC8ACF9A966ADF7C2A1EE) 2EE7C252918D717F42B5D869A5B5CAB0 {
   "identifier": "1"
}
[1753684105.699][DEBUG]: DevTools WebSocket Response: Runtime.evaluate (id=6) (session_id=9CE3E02BFB9CC8ACF9A966ADF7C2A1EE) 2EE7C252918D717F42B5D869A5B5CAB0 {
   "result": {
      "type": "undefined"
   }
}
[1753684105.699][DEBUG]: DevTools WebSocket Response: Log.enable (id=7) (session_id=9CE3E02BFB9CC8ACF9A966ADF7C2A1EE) 2EE7C252918D717F42B5D869A5B5CAB0 {
}
[1753684105.699][DEBUG]: DevTools WebSocket Response: Target.setAutoAttach (id=8) (session_id=9CE3E02BFB9CC8ACF9A966ADF7C2A1EE) 2EE7C252918D717F42B5D869A5B5CAB0 {
}
[1753684105.699][DEBUG]: DevTools WebSocket Command: Runtime.enable (id=9) (session_id=9CE3E02BFB9CC8ACF9A966ADF7C2A1EE) 2EE7C252918D717F42B5D869A5B5CAB0 {
}
[1753684105.700][DEBUG]: DevTools WebSocket Event: Runtime.executionContextCreated (session_id=9CE3E02BFB9CC8ACF9A966ADF7C2A1EE) 2EE7C252918D717F42B5D869A5B5CAB0 {
   "context": {
      "auxData": {
         "frameId": "2EE7C252918D717F42B5D869A5B5CAB0",
         "isDefault": true,
         "type": "default"
      },
      "id": 1,
      "name": "",
      "origin": "://",
      "uniqueId": "-3698732661353807854.-4387675634889992823"
   }
}
[1753684105.700][DEBUG]: DevTools WebSocket Response: Runtime.enable (id=9) (session_id=9CE3E02BFB9CC8ACF9A966ADF7C2A1EE) 2EE7C252918D717F42B5D869A5B5CAB0 {
}
[1753684105.700][DEBUG]: DevTools WebSocket Command: Runtime.enable (id=10) (session_id=9CE3E02BFB9CC8ACF9A966ADF7C2A1EE) 2EE7C252918D717F42B5D869A5B5CAB0 {
}
[1753684105.700][DEBUG]: DevTools WebSocket Response: Runtime.enable (id=10) (session_id=9CE3E02BFB9CC8ACF9A966ADF7C2A1EE) 2EE7C252918D717F42B5D869A5B5CAB0 {
}
[1753684105.700][INFO]: [aba42efedc09e3f14314c2ff9445b6d9] RESPONSE InitSession {
   "capabilities": {
      "acceptInsecureCerts": false,
      "browserName": "chrome",
      "browserVersion": "138.0.7204.169",
      "chrome": {
         "chromedriverVersion": "138.0.7204.168 (3e8d82e86e9f508e88ed406c2a24657a6c691d30-refs/branch-heads/7204@{#2081})",
         "userDataDir": "/var/folders/0c/zt_vt_rd581cqfh__yky_n800000gn/T/.org.chromium.Chromium.oZI3qO"
      },
      "fedcm:accounts": true,
      "goog:chromeOptions": {
         "debuggerAddress": "localhost:9222"
      },
      "networkConnectionEnabled": false,
      "pageLoadStrategy": "normal",
      "platformName": "mac",
      "proxy": {
      },
      "setWindowRect": true,
      "strictFileInteractability": false,
      "timeouts": {
         "implicit": 0,
         "pageLoad": 300000,
         "script": 30000
      },
      "unhandledPromptBehavior": "dismiss and notify",
      "webauthn:extension:credBlob": true,
      "webauthn:extension:largeBlob": true,
      "webauthn:extension:minPinLength": true,
      "webauthn:extension:prf": true,
      "webauthn:virtualAuthenticators": true
   },
   "sessionId": "aba42efedc09e3f14314c2ff9445b6d9"
}
[1753684105.716][INFO]: [aba42efedc09e3f14314c2ff9445b6d9] COMMAND Navigate {
   "url": "https://ultimateqa.com/automation"
}
[1753684105.716][INFO]: Waiting for pending navigations...
[1753684105.716][DEBUG]: DevTools WebSocket Command: Runtime.evaluate (id=11) (session_id=9CE3E02BFB9CC8ACF9A966ADF7C2A1EE) 2EE7C252918D717F42B5D869A5B5CAB0 {
   "expression": "1"
}
[1753684105.716][DEBUG]: DevTools WebSocket Response: Runtime.evaluate (id=11) (session_id=9CE3E02BFB9CC8ACF9A966ADF7C2A1EE) 2EE7C252918D717F42B5D869A5B5CAB0 {
   "result": {
      "description": "1",
      "type": "number",
      "value": 1
   }
}
[1753684105.716][DEBUG]: DevTools WebSocket Command: Runtime.evaluate (id=12) (session_id=9CE3E02BFB9CC8ACF9A966ADF7C2A1EE) 2EE7C252918D717F42B5D869A5B5CAB0 {
   "expression": "document",
   "objectGroup": "edec1f0b-8b00-4959-9c8a-980700df5428"
}
[1753684105.717][DEBUG]: DevTools WebSocket Response: Runtime.evaluate (id=12) (session_id=9CE3E02BFB9CC8ACF9A966ADF7C2A1EE) 2EE7C252918D717F42B5D869A5B5CAB0 {
   "result": {
      "className": "HTMLDocument",
      "description": "#document",
      "objectId": "-3101953854853835763.1.1",
      "subtype": "node",
      "type": "object"
   }
}
[1753684105.717][DEBUG]: DevTools WebSocket Command: DOM.describeNode (id=13) (session_id=9CE3E02BFB9CC8ACF9A966ADF7C2A1EE) 2EE7C252918D717F42B5D869A5B5CAB0 {
   "objectId": "-3101953854853835763.1.1"
}
[1753684105.718][DEBUG]: DevTools WebSocket Response: DOM.describeNode (id=13) (session_id=9CE3E02BFB9CC8ACF9A966ADF7C2A1EE) 2EE7C252918D717F42B5D869A5B5CAB0 {
   "node": {
      "backendNodeId": 1,
      "baseURL": "data:,",
      "childNodeCount": 1,
      "compatibilityMode": "NoQuirksMode",
      "documentURL": "data:,",
      "localName": "",
      "nodeId": 0,
      "nodeName": "#document",
      "nodeType": 9,
      "nodeValue": "",
      "xmlVersion": ""
   }
}
[1753684105.718][DEBUG]: DevTools WebSocket Command: Runtime.releaseObjectGroup (id=14) (session_id=9CE3E02BFB9CC8ACF9A966ADF7C2A1EE) 2EE7C252918D717F42B5D869A5B5CAB0 {
   "objectGroup": "edec1f0b-8b00-4959-9c8a-980700df5428"
}
[1753684105.718][DEBUG]: DevTools WebSocket Command: Runtime.evaluate (id=15) (session_id=9CE3E02BFB9CC8ACF9A966ADF7C2A1EE) 2EE7C252918D717F42B5D869A5B5CAB0 {
   "awaitPromise": false,
   "expression": "document.readyState",
   "returnByValue": true,
   "uniqueContextId": "-3698732661353807854.-4387675634889992823"
}
[1753684105.718][DEBUG]: DevTools WebSocket Response: Runtime.releaseObjectGroup (id=14) (session_id=9CE3E02BFB9CC8ACF9A966ADF7C2A1EE) 2EE7C252918D717F42B5D869A5B5CAB0 {
}
[1753684105.718][DEBUG]: DevTools WebSocket Response: Runtime.evaluate (id=15) (session_id=9CE3E02BFB9CC8ACF9A966ADF7C2A1EE) 2EE7C252918D717F42B5D869A5B5CAB0 {
   "result": {
      "type": "string",
      "value": "complete"
   }
}
[1753684105.718][INFO]: Done waiting for pending navigations. Status: ok
[1753684105.718][DEBUG]: DevTools WebSocket Command: Page.navigate (id=16) (session_id=9CE3E02BFB9CC8ACF9A966ADF7C2A1EE) 2EE7C252918D717F42B5D869A5B5CAB0 {
   "url": "https://ultimateqa.com/automation"
}
[1753684105.720][DEBUG]: DevTools WebSocket Event: Page.frameStartedNavigating (session_id=9CE3E02BFB9CC8ACF9A966ADF7C2A1EE) 2EE7C252918D717F42B5D869A5B5CAB0 {
   "frameId": "2EE7C252918D717F42B5D869A5B5CAB0",
   "loaderId": "04891D9E71651F0D3E41395251C0C13B",
   "navigationType": "differentDocument",
   "url": "https://ultimateqa.com/automation"
}
[1753684105.721][DEBUG]: DevTools WebSocket Event: Page.frameStartedLoading (session_id=9CE3E02BFB9CC8ACF9A966ADF7C2A1EE) 2EE7C252918D717F42B5D869A5B5CAB0 {
   "frameId": "2EE7C252918D717F42B5D869A5B5CAB0"
}
[1753684106.980][DEBUG]: DevTools WebSocket Response: Page.navigate (id=16) (session_id=9CE3E02BFB9CC8ACF9A966ADF7C2A1EE) 2EE7C252918D717F42B5D869A5B5CAB0 {
   "frameId": "2EE7C252918D717F42B5D869A5B5CAB0",
   "loaderId": "04891D9E71651F0D3E41395251C0C13B"
}
[1753684106.980][INFO]: Waiting for pending navigations...
[1753684106.980][DEBUG]: DevTools WebSocket Command: Runtime.evaluate (id=17) (session_id=9CE3E02BFB9CC8ACF9A966ADF7C2A1EE) 2EE7C252918D717F42B5D869A5B5CAB0 {
   "expression": "1"
}
[1753684106.981][DEBUG]: DevTools WebSocket Event: Runtime.executionContextsCleared (session_id=9CE3E02BFB9CC8ACF9A966ADF7C2A1EE) 2EE7C252918D717F42B5D869A5B5CAB0 {
}
[1753684106.982][DEBUG]: DevTools WebSocket Event: Runtime.executionContextsCleared (session_id=9CE3E02BFB9CC8ACF9A966ADF7C2A1EE) 2EE7C252918D717F42B5D869A5B5CAB0 {
}
[1753684106.983][DEBUG]: DevTools WebSocket Event: Page.frameNavigated (session_id=9CE3E02BFB9CC8ACF9A966ADF7C2A1EE) 2EE7C252918D717F42B5D869A5B5CAB0 {
   "frame": {
      "adFrameStatus": {
         "adFrameType": "none"
      },
      "crossOriginIsolatedContextType": "NotIsolated",
      "domainAndRegistry": "ultimateqa.com",
      "gatedAPIFeatures": [  ],
      "id": "2EE7C252918D717F42B5D869A5B5CAB0",
      "loaderId": "04891D9E71651F0D3E41395251C0C13B",
      "mimeType": "text/html",
      "secureContextType": "Secure",
      "securityOrigin": "https://ultimateqa.com",
      "securityOriginDetails": {
         "isLocalhost": false
      },
      "url": "https://ultimateqa.com/automation"
   },
   "type": "Navigation"
}
[1753684106.995][DEBUG]: DevTools WebSocket Event: Runtime.executionContextCreated (session_id=9CE3E02BFB9CC8ACF9A966ADF7C2A1EE) 2EE7C252918D717F42B5D869A5B5CAB0 {
   "context": {
      "auxData": {
         "frameId": "2EE7C252918D717F42B5D869A5B5CAB0",
         "isDefault": true,
         "type": "default"
      },
      "id": 1,
      "name": "",
      "origin": "https://ultimateqa.com",
      "uniqueId": "133988242759280273.-2194376950271659512"
   }
}
[1753684106.998][DEBUG]: DevTools WebSocket Response: Runtime.evaluate (id=17) (session_id=9CE3E02BFB9CC8ACF9A966ADF7C2A1EE) 2EE7C252918D717F42B5D869A5B5CAB0 {
   "result": {
      "description": "1",
      "type": "number",
      "value": 1
   }
}
[19147:99994:0728/115827.408743:INFO:CONSOLE:2] "JQMIGRATE: Migrate is installed, version 3.4.1", source: https://ultimateqa.com/wp-includes/js/jquery/jquery-migrate.min.js?ver=3.4.1 (2)
[1753684107.409][DEBUG]: DevTools WebSocket Event: Runtime.consoleAPICalled (session_id=9CE3E02BFB9CC8ACF9A966ADF7C2A1EE) 2EE7C252918D717F42B5D869A5B5CAB0 {
   "args": [ {
      "type": "string",
      "value": "JQMIGRATE: Migrate is installed, version 3.4.1"
   } ],
   "executionContextId": 1,
   "stackTrace": {
      "callFrames": [ {
         "columnNumber": 980,
         "functionName": "",
         "lineNumber": 1,
         "scriptId": "12",
         "url": "https://ultimateqa.com/wp-includes/js/jquery/jquery-migrate.min.js?ver=3.4.1"
      }, {
         "columnNumber": 261,
         "functionName": "",
         "lineNumber": 1,
         "scriptId": "12",
         "url": "https://ultimateqa.com/wp-includes/js/jquery/jquery-migrate.min.js?ver=3.4.1"
      }, {
         "columnNumber": 278,
         "functionName": "",
         "lineNumber": 1,
         "scriptId": "12",
         "url": "https://ultimateqa.com/wp-includes/js/jquery/jquery-migrate.min.js?ver=3.4.1"
      } ]
   },
   "timestamp": 1.753684107408681e+12,
   "type": "log"
}
[1753684107.409][DEBUG]: DevTools WebSocket Command: Runtime.evaluate (id=18) (session_id=9CE3E02BFB9CC8ACF9A966ADF7C2A1EE) 2EE7C252918D717F42B5D869A5B5CAB0 {
   "expression": "1"
}
[1753684107.413][DEBUG]: DevTools WebSocket Event: Page.domContentEventFired (session_id=9CE3E02BFB9CC8ACF9A966ADF7C2A1EE) 2EE7C252918D717F42B5D869A5B5CAB0 {
   "timestamp": 4394.857215
}
[1753684107.414][DEBUG]: DevTools WebSocket Response: Runtime.evaluate (id=18) (session_id=9CE3E02BFB9CC8ACF9A966ADF7C2A1EE) 2EE7C252918D717F42B5D869A5B5CAB0 {
   "result": {
      "description": "1",
      "type": "number",
      "value": 1
   }
}
[19147:99994:0728/115827.724671:INFO:CONSOLE:1] "sniply init called", source: https://ultimateqa.com/wp-content/cache/min/1/site/638e222f41a4249eb4c09456.js?ver=1753643101 (1)
[19147:99994:0728/115827.724730:INFO:CONSOLE:1] "Unexpected CTA position value: ", source: https://ultimateqa.com/wp-content/cache/min/1/site/638e222f41a4249eb4c09456.js?ver=1753643101 (1)
[1753684107.725][DEBUG]: DevTools WebSocket Event: Runtime.consoleAPICalled (session_id=9CE3E02BFB9CC8ACF9A966ADF7C2A1EE) 2EE7C252918D717F42B5D869A5B5CAB0 {
   "args": [ {
      "type": "string",
      "value": "sniply init called"
   } ],
   "executionContextId": 1,
   "stackTrace": {
      "callFrames": [ {
         "columnNumber": 983,
         "functionName": "init",
         "lineNumber": 0,
         "scriptId": "43",
         "url": "https://ultimateqa.com/wp-content/cache/min/1/site/638e222f41a4249eb4c09456.js?ver=1753643101"
      }, {
         "columnNumber": 7709,
         "functionName": "_triggerDOMContentLoaded",
         "lineNumber": 2,
         "scriptId": "8",
         "url": "https://ultimateqa.com/automation"
      } ]
   },
   "timestamp": 1.753684107724624e+12,
   "type": "log"
}
[1753684107.725][DEBUG]: DevTools WebSocket Event: Runtime.consoleAPICalled (session_id=9CE3E02BFB9CC8ACF9A966ADF7C2A1EE) 2EE7C252918D717F42B5D869A5B5CAB0 {
   "args": [ {
      "type": "string",
      "value": "Unexpected CTA position value:"
   }, {
      "type": "string",
      "value": ""
   } ],
   "executionContextId": 1,
   "stackTrace": {
      "callFrames": [ {
         "columnNumber": 1612,
         "functionName": "init",
         "lineNumber": 0,
         "scriptId": "43",
         "url": "https://ultimateqa.com/wp-content/cache/min/1/site/638e222f41a4249eb4c09456.js?ver=1753643101"
      }, {
         "columnNumber": 7709,
         "functionName": "_triggerDOMContentLoaded",
         "lineNumber": 2,
         "scriptId": "8",
         "url": "https://ultimateqa.com/automation"
      } ]
   },
   "timestamp": 1.753684107724673e+12,
   "type": "warning"
}
[1753684107.725][DEBUG]: DevTools WebSocket Command: Runtime.evaluate (id=19) (session_id=9CE3E02BFB9CC8ACF9A966ADF7C2A1EE) 2EE7C252918D717F42B5D869A5B5CAB0 {
   "expression": "1"
}
[1753684107.726][DEBUG]: DevTools WebSocket Response: Runtime.evaluate (id=19) (session_id=9CE3E02BFB9CC8ACF9A966ADF7C2A1EE) 2EE7C252918D717F42B5D869A5B5CAB0 {
   "result": {
      "description": "1",
      "type": "number",
      "value": 1
   }
}
[1753684108.213][DEBUG]: DevTools WebSocket Event: Page.frameAttached (session_id=9CE3E02BFB9CC8ACF9A966ADF7C2A1EE) 2EE7C252918D717F42B5D869A5B5CAB0 {
   "frameId": "9A694E0FEB428864C662E66981298453",
   "parentFrameId": "2EE7C252918D717F42B5D869A5B5CAB0",
   "stack": {
      "callFrames": [ {
         "columnNumber": 227,
         "functionName": "",
         "lineNumber": 621,
         "scriptId": "61",
         "url": "https://www.gstatic.com/recaptcha/releases/ngcIAHyEnHQZZIKkyKneDTW3/recaptcha__en.js"
      }, {
         "columnNumber": 404,
         "functionName": "WJC.render",
         "lineNumber": 1469,
         "scriptId": "61",
         "url": "https://www.gstatic.com/recaptcha/releases/ngcIAHyEnHQZZIKkyKneDTW3/recaptcha__en.js"
      }, {
         "columnNumber": 400,
         "functionName": "",
         "lineNumber": 722,
         "scriptId": "61",
         "url": "https://www.gstatic.com/recaptcha/releases/ngcIAHyEnHQZZIKkyKneDTW3/recaptcha__en.js"
      }, {
         "columnNumber": 169,
         "functionName": "",
         "lineNumber": 530,
         "scriptId": "61",
         "url": "https://www.gstatic.com/recaptcha/releases/ngcIAHyEnHQZZIKkyKneDTW3/recaptcha__en.js"
      }, {
         "columnNumber": 142,
         "functionName": "",
         "lineNumber": 629,
         "scriptId": "61",
         "url": "https://www.gstatic.com/recaptcha/releases/ngcIAHyEnHQZZIKkyKneDTW3/recaptcha__en.js"
      }, {
         "columnNumber": 127,
         "functionName": "K4",
         "lineNumber": 919,
         "scriptId": "61",
         "url": "https://www.gstatic.com/recaptcha/releases/ngcIAHyEnHQZZIKkyKneDTW3/recaptcha__en.js"
      }, {
         "columnNumber": 269,
         "functionName": "",
         "lineNumber": 425,
         "scriptId": "61",
         "url": "https://www.gstatic.com/recaptcha/releases/ngcIAHyEnHQZZIKkyKneDTW3/recaptcha__en.js"
      }, {
         "columnNumber": 175,
         "functionName": "",
         "lineNumber": 127,
         "scriptId": "61",
         "url": "https://www.gstatic.com/recaptcha/releases/ngcIAHyEnHQZZIKkyKneDTW3/recaptcha__en.js"
      }, {
         "columnNumber": 426,
         "functionName": "qC.window.\u003Ccomputed>.\u003Ccomputed>.qC.window.\u003Ccomputed>.\u003Ccomputed>",
         "lineNumber": 55,
         "scriptId": "61",
         "url": "https://www.gstatic.com/recaptcha/releases/ngcIAHyEnHQZZIKkyKneDTW3/recaptcha__en.js"
      }, {
         "columnNumber": 359,
         "functionName": "",
         "lineNumber": 56,
         "scriptId": "61",
         "url": "https://www.gstatic.com/recaptcha/releases/ngcIAHyEnHQZZIKkyKneDTW3/recaptcha__en.js"
      }, {
         "columnNumber": 407,
         "functionName": "",
         "lineNumber": 385,
         "scriptId": "61",
         "url": "https://www.gstatic.com/recaptcha/releases/ngcIAHyEnHQZZIKkyKneDTW3/recaptcha__en.js"
      }, {
         "columnNumber": 312,
         "functionName": "",
         "lineNumber": 56,
         "scriptId": "61",
         "url": "https://www.gstatic.com/recaptcha/releases/ngcIAHyEnHQZZIKkyKneDTW3/recaptcha__en.js"
      }, {
         "columnNumber": 197,
         "functionName": "",
         "lineNumber": 1488,
         "scriptId": "61",
         "url": "https://www.gstatic.com/recaptcha/releases/ngcIAHyEnHQZZIKkyKneDTW3/recaptcha__en.js"
      }, {
         "columnNumber": 294,
         "functionName": "",
         "lineNumber": 1496,
         "scriptId": "61",
         "url": "https://www.gstatic.com/recaptcha/releases/ngcIAHyEnHQZZIKkyKneDTW3/recaptcha__en.js"
      } ]
   }
}
[1753684108.213][DEBUG]: DevTools WebSocket Command: Runtime.evaluate (id=20) (session_id=9CE3E02BFB9CC8ACF9A966ADF7C2A1EE) 2EE7C252918D717F42B5D869A5B5CAB0 {
   "expression": "1"
}
[1753684108.213][DEBUG]: DevTools WebSocket Event: Page.frameRequestedNavigation (session_id=9CE3E02BFB9CC8ACF9A966ADF7C2A1EE) 2EE7C252918D717F42B5D869A5B5CAB0 {
   "disposition": "currentTab",
   "frameId": "9A694E0FEB428864C662E66981298453",
   "reason": "initialFrameNavigation",
   "url": "https://www.google.com/recaptcha/api2/anchor?ar=1&k=6LfZzKUpAAAAAHRnB0nxcD1DC4eEiTN4Wf60YFKG&co=aHR0cHM6Ly91bHRpbWF0ZXFhLmNvbTo0NDM.&hl=en&v=ngcIAHyEnHQZZIKkyKneDTW3&size=invisible&anchor-ms=20000&..."
}
[1753684108.214][DEBUG]: DevTools WebSocket Event: Page.frameStartedNavigating (session_id=9CE3E02BFB9CC8ACF9A966ADF7C2A1EE) 2EE7C252918D717F42B5D869A5B5CAB0 {
   "frameId": "9A694E0FEB428864C662E66981298453",
   "loaderId": "F406D774549F17CF5CBC71CCE37D8F88",
   "navigationType": "differentDocument",
   "url": "https://www.google.com/recaptcha/api2/anchor?ar=1&k=6LfZzKUpAAAAAHRnB0nxcD1DC4eEiTN4Wf60YFKG&co=aHR0cHM6Ly91bHRpbWF0ZXFhLmNvbTo0NDM.&hl=en&v=ngcIAHyEnHQZZIKkyKneDTW3&size=invisible&anchor-ms=20000&..."
}
[1753684108.214][DEBUG]: DevTools WebSocket Event: Page.frameStartedLoading (session_id=9CE3E02BFB9CC8ACF9A966ADF7C2A1EE) 2EE7C252918D717F42B5D869A5B5CAB0 {
   "frameId": "9A694E0FEB428864C662E66981298453"
}
[19147:99994:0728/115828.215934:INFO:CONSOLE:2] "Loading CTA data passed by server: [object Object]", source: https://ctarendering.snip.ly/app.js (2)
[1753684108.216][DEBUG]: DevTools WebSocket Event: Runtime.consoleAPICalled (session_id=9CE3E02BFB9CC8ACF9A966ADF7C2A1EE) 2EE7C252918D717F42B5D869A5B5CAB0 {
   "args": [ {
      "type": "string",
      "value": "Loading CTA data passed by server:"
   }, {
      "className": "Object",
      "description": "Object",
      "objectId": "193261593885138874.1.1",
      "preview": {
         "description": "Object",
         "overflow": true,
         "properties": [ {
            "name": "message",
            "type": "string",
            "value": ""
         }, {
            "name": "button_action",
            "type": "object",
            "value": "Object"
         }, {
            "name": "form_action",
            "type": "object",
            "value": "Object"
         }, {
            "name": "image_action",
            "type": "object",
            "value": "Object"
         }, {
            "name": "background_color",
            "type": "string",
            "value": ""
         } ],
         "type": "object"
      },
      "type": "object"
   } ],
   "executionContextId": 1,
   "stackTrace": {
      "callFrames": [ {
         "columnNumber": 2615968,
         "functionName": "",
         "lineNumber": 1,
         "scriptId": "62",
         "url": "https://ctarendering.snip.ly/app.js"
      }, {
         "columnNumber": 115678,
         "functionName": "_z",
         "lineNumber": 1,
         "scriptId": "62",
         "url": "https://ctarendering.snip.ly/app.js"
      }, {
         "columnNumber": 135990,
         "functionName": "Oj",
         "lineNumber": 1,
         "scriptId": "62",
         "url": "https://ctarendering.snip.ly/app.js"
      }, {
         "columnNumber": 132645,
         "functionName": "",
         "lineNumber": 1,
         "scriptId": "62",
         "url": "https://ctarendering.snip.ly/app.js"
      }, {
         "columnNumber": 159803,
         "functionName": "l",
         "lineNumber": 1,
         "scriptId": "62",
         "url": "https://ctarendering.snip.ly/app.js"
      }, {
         "columnNumber": 160335,
         "functionName": "a",
         "lineNumber": 1,
         "scriptId": "62",
         "url": "https://ctarendering.snip.ly/app.js"
      } ]
   },
   "timestamp": 1.753684108215883e+12,
   "type": "log"
}
[1753684108.217][DEBUG]: DevTools WebSocket Response: Runtime.evaluate (id=20) (session_id=9CE3E02BFB9CC8ACF9A966ADF7C2A1EE) 2EE7C252918D717F42B5D869A5B5CAB0 {
   "result": {
      "description": "1",
      "type": "number",
      "value": 1
   }
}
[1753684108.441][DEBUG]: DevTools WebSocket Event: Target.attachedToTarget (session_id=9CE3E02BFB9CC8ACF9A966ADF7C2A1EE) 2EE7C252918D717F42B5D869A5B5CAB0 {
   "sessionId": "16D59E24E9C5BDCA477F24B0D5E18568",
   "targetInfo": {
      "attached": true,
      "browserContextId": "141F57BA08FE5A11BED69B75ACB04AB8",
      "canAccessOpener": false,
      "targetId": "9A694E0FEB428864C662E66981298453",
      "title": "",
      "type": "iframe",
      "url": ""
   },
   "waitingForDebugger": false
}
[1753684108.441][DEBUG]: DevTools WebSocket Command: Page.enable (id=21) (session_id=16D59E24E9C5BDCA477F24B0D5E18568) 16D59E24E9C5BDCA477F24B0D5E18568 {
}
[1753684108.441][DEBUG]: DevTools WebSocket Command: Page.addScriptToEvaluateOnNewDocument (id=22) (session_id=16D59E24E9C5BDCA477F24B0D5E18568) 16D59E24E9C5BDCA477F24B0D5E18568 {
   "source": "(function () {window.cdc_adoQpoasnfa76pfcZLmcfl_Array = window.Array;window.cdc_adoQpoasnfa76pfcZLmcfl_Object = window.Object;window.cdc_adoQpoasnfa76pfcZLmcfl_Promise = window.Promise;window.cdc_a..."
}
[1753684108.441][DEBUG]: DevTools WebSocket Command: Runtime.evaluate (id=23) (session_id=16D59E24E9C5BDCA477F24B0D5E18568) 16D59E24E9C5BDCA477F24B0D5E18568 {
   "expression": "(function () {window.cdc_adoQpoasnfa76pfcZLmcfl_Array = window.Array;window.cdc_adoQpoasnfa76pfcZLmcfl_Object = window.Object;window.cdc_adoQpoasnfa76pfcZLmcfl_Promise = window.Promise;window.cdc_a..."
}
[1753684108.441][DEBUG]: DevTools WebSocket Command: Target.setAutoAttach (id=24) (session_id=16D59E24E9C5BDCA477F24B0D5E18568) 16D59E24E9C5BDCA477F24B0D5E18568 {
   "autoAttach": true,
   "flatten": true,
   "waitForDebuggerOnStart": false
}
[1753684108.445][DEBUG]: DevTools WebSocket Event: Target.targetInfoChanged (session_id=9CE3E02BFB9CC8ACF9A966ADF7C2A1EE) 2EE7C252918D717F42B5D869A5B5CAB0 {
   "targetInfo": {
      "attached": true,
      "browserContextId": "141F57BA08FE5A11BED69B75ACB04AB8",
      "canAccessOpener": false,
      "targetId": "9A694E0FEB428864C662E66981298453",
      "title": "https://www.google.com/recaptcha/api2/anchor?ar=1&k=6LfZzKUpAAAAAHRnB0nxcD1DC4eEiTN4Wf60YFKG&co=aHR0cHM6Ly91bHRpbWF0ZXFhLmNvbTo0NDM.&hl=en&v=ngcIAHyEnHQZZIKkyKneDTW3&size=invisible&anchor-ms=20000&...",
      "type": "iframe",
      "url": "https://www.google.com/recaptcha/api2/anchor?ar=1&k=6LfZzKUpAAAAAHRnB0nxcD1DC4eEiTN4Wf60YFKG&co=aHR0cHM6Ly91bHRpbWF0ZXFhLmNvbTo0NDM.&hl=en&v=ngcIAHyEnHQZZIKkyKneDTW3&size=invisible&anchor-ms=20000&..."
   }
}
[1753684108.445][DEBUG]: DevTools WebSocket Event: Page.frameDetached (session_id=9CE3E02BFB9CC8ACF9A966ADF7C2A1EE) 2EE7C252918D717F42B5D869A5B5CAB0 {
   "frameId": "9A694E0FEB428864C662E66981298453",
   "reason": "swap"
}
[1753684108.447][DEBUG]: DevTools WebSocket Response: Page.enable (id=21) (session_id=16D59E24E9C5BDCA477F24B0D5E18568) 16D59E24E9C5BDCA477F24B0D5E18568 {
}
[1753684108.447][DEBUG]: DevTools WebSocket Response: Page.addScriptToEvaluateOnNewDocument (id=22) (session_id=16D59E24E9C5BDCA477F24B0D5E18568) 16D59E24E9C5BDCA477F24B0D5E18568 {
   "identifier": "1"
}
[1753684108.447][DEBUG]: DevTools WebSocket Response: Runtime.evaluate (id=23) (session_id=16D59E24E9C5BDCA477F24B0D5E18568) 16D59E24E9C5BDCA477F24B0D5E18568 {
   "result": {
      "type": "undefined"
   }
}
[1753684108.447][DEBUG]: DevTools WebSocket Response: Target.setAutoAttach (id=24) (session_id=16D59E24E9C5BDCA477F24B0D5E18568) 16D59E24E9C5BDCA477F24B0D5E18568 {
}
[1753684108.447][DEBUG]: DevTools WebSocket Command: Runtime.enable (id=25) (session_id=16D59E24E9C5BDCA477F24B0D5E18568) 16D59E24E9C5BDCA477F24B0D5E18568 {
}
[1753684108.450][DEBUG]: DevTools WebSocket Event: Runtime.executionContextCreated (session_id=16D59E24E9C5BDCA477F24B0D5E18568) 16D59E24E9C5BDCA477F24B0D5E18568 {
   "context": {
      "auxData": {
         "frameId": "9A694E0FEB428864C662E66981298453",
         "isDefault": true,
         "type": "default"
      },
      "id": 1,
      "name": "",
      "origin": "https://www.google.com",
      "uniqueId": "1322456557968770160.-7080294639171124290"
   }
}
[1753684108.450][DEBUG]: DevTools WebSocket Response: Runtime.enable (id=25) (session_id=16D59E24E9C5BDCA477F24B0D5E18568) 16D59E24E9C5BDCA477F24B0D5E18568 {
}
[1753684108.450][DEBUG]: DevTools WebSocket Command: Runtime.evaluate (id=26) (session_id=9CE3E02BFB9CC8ACF9A966ADF7C2A1EE) 2EE7C252918D717F42B5D869A5B5CAB0 {
   "expression": "1"
}
[1753684108.450][DEBUG]: DevTools WebSocket Response: Runtime.evaluate (id=26) (session_id=9CE3E02BFB9CC8ACF9A966ADF7C2A1EE) 2EE7C252918D717F42B5D869A5B5CAB0 {
   "result": {
      "description": "1",
      "type": "number",
      "value": 1
   }
}
[1753684108.450][DEBUG]: DevTools WebSocket Command: Runtime.evaluate (id=27) (session_id=9CE3E02BFB9CC8ACF9A966ADF7C2A1EE) 2EE7C252918D717F42B5D869A5B5CAB0 {
   "expression": "document",
   "objectGroup": "b69e71bd-b509-49e6-835e-cd99ab7e4548"
}
[1753684108.450][DEBUG]: DevTools WebSocket Response: Runtime.evaluate (id=27) (session_id=9CE3E02BFB9CC8ACF9A966ADF7C2A1EE) 2EE7C252918D717F42B5D869A5B5CAB0 {
   "result": {
      "className": "HTMLDocument",
      "description": "#document",
      "objectId": "193261593885138874.1.2",
      "subtype": "node",
      "type": "object"
   }
}
[1753684108.450][DEBUG]: DevTools WebSocket Command: DOM.describeNode (id=28) (session_id=9CE3E02BFB9CC8ACF9A966ADF7C2A1EE) 2EE7C252918D717F42B5D869A5B5CAB0 {
   "objectId": "193261593885138874.1.2"
}
[1753684108.451][DEBUG]: DevTools WebSocket Response: DOM.describeNode (id=28) (session_id=9CE3E02BFB9CC8ACF9A966ADF7C2A1EE) 2EE7C252918D717F42B5D869A5B5CAB0 {
   "node": {
      "backendNodeId": 2,
      "baseURL": "https://ultimateqa.com/automation",
      "childNodeCount": 3,
      "compatibilityMode": "NoQuirksMode",
      "documentURL": "https://ultimateqa.com/automation",
      "isScrollable": true,
      "localName": "",
      "nodeId": 0,
      "nodeName": "#document",
      "nodeType": 9,
      "nodeValue": "",
      "xmlVersion": ""
   }
}
[1753684108.451][DEBUG]: DevTools WebSocket Command: Runtime.releaseObjectGroup (id=29) (session_id=9CE3E02BFB9CC8ACF9A966ADF7C2A1EE) 2EE7C252918D717F42B5D869A5B5CAB0 {
   "objectGroup": "b69e71bd-b509-49e6-835e-cd99ab7e4548"
}
[1753684108.451][DEBUG]: DevTools WebSocket Command: Runtime.evaluate (id=30) (session_id=9CE3E02BFB9CC8ACF9A966ADF7C2A1EE) 2EE7C252918D717F42B5D869A5B5CAB0 {
   "awaitPromise": false,
   "expression": "document.readyState",
   "returnByValue": true,
   "uniqueContextId": "133988242759280273.-2194376950271659512"
}
[1753684108.451][DEBUG]: DevTools WebSocket Response: Runtime.releaseObjectGroup (id=29) (session_id=9CE3E02BFB9CC8ACF9A966ADF7C2A1EE) 2EE7C252918D717F42B5D869A5B5CAB0 {
}
[1753684108.451][DEBUG]: DevTools WebSocket Response: Runtime.evaluate (id=30) (session_id=9CE3E02BFB9CC8ACF9A966ADF7C2A1EE) 2EE7C252918D717F42B5D869A5B5CAB0 {
   "result": {
      "type": "string",
      "value": "interactive"
   }
}
[1753684108.955][DEBUG]: DevTools WebSocket Command: Runtime.evaluate (id=31) (session_id=9CE3E02BFB9CC8ACF9A966ADF7C2A1EE) 2EE7C252918D717F42B5D869A5B5CAB0 {
   "expression": "1"
}
[1753684108.956][DEBUG]: DevTools WebSocket Response: Runtime.evaluate (id=31) (session_id=9CE3E02BFB9CC8ACF9A966ADF7C2A1EE) 2EE7C252918D717F42B5D869A5B5CAB0 {
   "result": {
      "description": "1",
      "type": "number",
      "value": 1
   }
}
[1753684108.964][DEBUG]: DevTools WebSocket Event: Page.frameAttached (session_id=9CE3E02BFB9CC8ACF9A966ADF7C2A1EE) 2EE7C252918D717F42B5D869A5B5CAB0 {
   "frameId": "C78E7CC7059701E5E6F54AA5BF93FBF6",
   "parentFrameId": "2EE7C252918D717F42B5D869A5B5CAB0",
   "stack": {
      "callFrames": [ {
         "columnNumber": 392,
         "functionName": "",
         "lineNumber": 452,
         "scriptId": "61",
         "url": "https://www.gstatic.com/recaptcha/releases/ngcIAHyEnHQZZIKkyKneDTW3/recaptcha__en.js"
      }, {
         "columnNumber": 221,
         "functionName": "",
         "lineNumber": 71,
         "scriptId": "61",
         "url": "https://www.gstatic.com/recaptcha/releases/ngcIAHyEnHQZZIKkyKneDTW3/recaptcha__en.js"
      }, {
         "columnNumber": 18,
         "functionName": "",
         "lineNumber": 560,
         "scriptId": "61",
         "url": "https://www.gstatic.com/recaptcha/releases/ngcIAHyEnHQZZIKkyKneDTW3/recaptcha__en.js"
      }, {
         "columnNumber": 59,
         "functionName": "",
         "lineNumber": 436,
         "scriptId": "61",
         "url": "https://www.gstatic.com/recaptcha/releases/ngcIAHyEnHQZZIKkyKneDTW3/recaptcha__en.js"
      }, {
         "columnNumber": 146,
         "functionName": "O.next",
         "lineNumber": 272,
         "scriptId": "61",
         "url": "https://www.gstatic.com/recaptcha/releases/ngcIAHyEnHQZZIKkyKneDTW3/recaptcha__en.js"
      }, {
         "columnNumber": 329,
         "functionName": "",
         "lineNumber": 77,
         "scriptId": "61",
         "url": "https://www.gstatic.com/recaptcha/releases/ngcIAHyEnHQZZIKkyKneDTW3/recaptcha__en.js"
      }, {
         "columnNumber": 222,
         "functionName": "",
         "lineNumber": 77,
         "scriptId": "61",
         "url": "https://www.gstatic.com/recaptcha/releases/ngcIAHyEnHQZZIKkyKneDTW3/recaptcha__en.js"
      }, {
         "columnNumber": 466,
         "functionName": "",
         "lineNumber": 447,
         "scriptId": "61",
         "url": "https://www.gstatic.com/recaptcha/releases/ngcIAHyEnHQZZIKkyKneDTW3/recaptcha__en.js"
      }, {
         "columnNumber": 459,
         "functionName": "",
         "lineNumber": 559,
         "scriptId": "61",
         "url": "https://www.gstatic.com/recaptcha/releases/ngcIAHyEnHQZZIKkyKneDTW3/recaptcha__en.js"
      }, {
         "columnNumber": 495,
         "functionName": "",
         "lineNumber": 168,
         "scriptId": "61",
         "url": "https://www.gstatic.com/recaptcha/releases/ngcIAHyEnHQZZIKkyKneDTW3/recaptcha__en.js"
      }, {
         "columnNumber": 59,
         "functionName": "",
         "lineNumber": 436,
         "scriptId": "61",
         "url": "https://www.gstatic.com/recaptcha/releases/ngcIAHyEnHQZZIKkyKneDTW3/recaptcha__en.js"
      }, {
         "columnNumber": 146,
         "functionName": "O.next",
         "lineNumber": 272,
         "scriptId": "61",
         "url": "https://www.gstatic.com/recaptcha/releases/ngcIAHyEnHQZZIKkyKneDTW3/recaptcha__en.js"
      }, {
         "columnNumber": 329,
         "functionName": "",
         "lineNumber": 77,
         "scriptId": "61",
         "url": "https://www.gstatic.com/recaptcha/releases/ngcIAHyEnHQZZIKkyKneDTW3/recaptcha__en.js"
      }, {
         "columnNumber": 222,
         "functionName": "",
         "lineNumber": 77,
         "scriptId": "61",
         "url": "https://www.gstatic.com/recaptcha/releases/ngcIAHyEnHQZZIKkyKneDTW3/recaptcha__en.js"
      }, {
         "columnNumber": 466,
         "functionName": "",
         "lineNumber": 447,
         "scriptId": "61",
         "url": "https://www.gstatic.com/recaptcha/releases/ngcIAHyEnHQZZIKkyKneDTW3/recaptcha__en.js"
      }, {
         "columnNumber": 423,
         "functionName": "",
         "lineNumber": 168,
         "scriptId": "61",
         "url": "https://www.gstatic.com/recaptcha/releases/ngcIAHyEnHQZZIKkyKneDTW3/recaptcha__en.js"
      }, {
         "columnNumber": 302,
         "functionName": "",
         "lineNumber": 1336,
         "scriptId": "61",
         "url": "https://www.gstatic.com/recaptcha/releases/ngcIAHyEnHQZZIKkyKneDTW3/recaptcha__en.js"
      }, {
         "columnNumber": 59,
         "functionName": "",
         "lineNumber": 436,
         "scriptId": "61",
         "url": "https://www.gstatic.com/recaptcha/releases/ngcIAHyEnHQZZIKkyKneDTW3/recaptcha__en.js"
      }, {
         "columnNumber": 146,
         "functionName": "O.next",
         "lineNumber": 272,
         "scriptId": "61",
         "url": "https://www.gstatic.com/recaptcha/releases/ngcIAHyEnHQZZIKkyKneDTW3/recaptcha__en.js"
      }, "..." ]
   }
}
[1753684108.964][DEBUG]: DevTools WebSocket Command: Runtime.evaluate (id=32) (session_id=9CE3E02BFB9CC8ACF9A966ADF7C2A1EE) 2EE7C252918D717F42B5D869A5B5CAB0 {
   "expression": "1"
}
[1753684108.964][DEBUG]: DevTools WebSocket Event: Page.frameRequestedNavigation (session_id=9CE3E02BFB9CC8ACF9A966ADF7C2A1EE) 2EE7C252918D717F42B5D869A5B5CAB0 {
   "disposition": "currentTab",
   "frameId": "C78E7CC7059701E5E6F54AA5BF93FBF6",
   "reason": "initialFrameNavigation",
   "url": "about:blank"
}
[1753684108.964][DEBUG]: DevTools WebSocket Event: Page.frameNavigated (session_id=9CE3E02BFB9CC8ACF9A966ADF7C2A1EE) 2EE7C252918D717F42B5D869A5B5CAB0 {
   "frame": {
      "adFrameStatus": {
         "adFrameType": "none",
         "explanations": [  ]
      },
      "crossOriginIsolatedContextType": "NotIsolated",
      "domainAndRegistry": "",
      "gatedAPIFeatures": [  ],
      "id": "C78E7CC7059701E5E6F54AA5BF93FBF6",
      "loaderId": "EABB5C2A45CEE53173DCCE53FD938581",
      "mimeType": "text/html",
      "name": "",
      "parentId": "2EE7C252918D717F42B5D869A5B5CAB0",
      "secureContextType": "Secure",
      "securityOrigin": "://",
      "securityOriginDetails": {
         "isLocalhost": false
      },
      "url": "about:blank"
   },
   "type": "Navigation"
}
[1753684108.964][DEBUG]: DevTools WebSocket Event: Page.frameStartedLoading (session_id=9CE3E02BFB9CC8ACF9A966ADF7C2A1EE) 2EE7C252918D717F42B5D869A5B5CAB0 {
   "frameId": "C78E7CC7059701E5E6F54AA5BF93FBF6"
}
[1753684108.965][DEBUG]: DevTools WebSocket Event: Runtime.executionContextCreated (session_id=9CE3E02BFB9CC8ACF9A966ADF7C2A1EE) 2EE7C252918D717F42B5D869A5B5CAB0 {
   "context": {
      "auxData": {
         "frameId": "C78E7CC7059701E5E6F54AA5BF93FBF6",
         "isDefault": true,
         "type": "default"
      },
      "id": 2,
      "name": "",
      "origin": "https://ultimateqa.com",
      "uniqueId": "-7151615630769565663.6484866869192628162"
   }
}
[1753684108.965][DEBUG]: DevTools WebSocket Event: Page.frameStoppedLoading (session_id=9CE3E02BFB9CC8ACF9A966ADF7C2A1EE) 2EE7C252918D717F42B5D869A5B5CAB0 {
   "frameId": "C78E7CC7059701E5E6F54AA5BF93FBF6"
}
[1753684108.966][DEBUG]: DevTools WebSocket Response: Runtime.evaluate (id=32) (session_id=9CE3E02BFB9CC8ACF9A966ADF7C2A1EE) 2EE7C252918D717F42B5D869A5B5CAB0 {
   "result": {
      "description": "1",
      "type": "number",
      "value": 1
   }
}
[1753684108.974][DEBUG]: DevTools WebSocket Event: Page.domContentEventFired (session_id=16D59E24E9C5BDCA477F24B0D5E18568) 16D59E24E9C5BDCA477F24B0D5E18568 {
   "timestamp": 4396.419474
}
[1753684108.974][DEBUG]: DevTools WebSocket Command: Runtime.evaluate (id=33) (session_id=9CE3E02BFB9CC8ACF9A966ADF7C2A1EE) 2EE7C252918D717F42B5D869A5B5CAB0 {
   "expression": "1"
}
[1753684108.975][DEBUG]: DevTools WebSocket Response: Runtime.evaluate (id=33) (session_id=9CE3E02BFB9CC8ACF9A966ADF7C2A1EE) 2EE7C252918D717F42B5D869A5B5CAB0 {
   "result": {
      "description": "1",
      "type": "number",
      "value": 1
   }
}
[1753684109.077][DEBUG]: DevTools WebSocket Event: Target.attachedToTarget (session_id=16D59E24E9C5BDCA477F24B0D5E18568) 16D59E24E9C5BDCA477F24B0D5E18568 {
   "sessionId": "647C60DD27C37688D4BA2AFF05792791",
   "targetInfo": {
      "attached": true,
      "browserContextId": "141F57BA08FE5A11BED69B75ACB04AB8",
      "canAccessOpener": false,
      "targetId": "D5FF41C89FE1B65FA2AE7ABE9C5142FA",
      "title": "https://www.google.com/recaptcha/api2/webworker.js?hl=en&v=ngcIAHyEnHQZZIKkyKneDTW3",
      "type": "worker",
      "url": "https://www.google.com/recaptcha/api2/webworker.js?hl=en&v=ngcIAHyEnHQZZIKkyKneDTW3"
   },
   "waitingForDebugger": false
}
[1753684109.077][DEBUG]: DevTools WebSocket Command: Runtime.evaluate (id=34) (session_id=9CE3E02BFB9CC8ACF9A966ADF7C2A1EE) 2EE7C252918D717F42B5D869A5B5CAB0 {
   "expression": "1"
}
[1753684109.077][DEBUG]: DevTools WebSocket Response: Runtime.evaluate (id=34) (session_id=9CE3E02BFB9CC8ACF9A966ADF7C2A1EE) 2EE7C252918D717F42B5D869A5B5CAB0 {
   "result": {
      "description": "1",
      "type": "number",
      "value": 1
   }
}
[1753684109.196][DEBUG]: DevTools WebSocket Event: Page.frameAttached (session_id=16D59E24E9C5BDCA477F24B0D5E18568) 16D59E24E9C5BDCA477F24B0D5E18568 {
   "frameId": "455D2DE291FCEC63259588E1A0BE28F3",
   "parentFrameId": "9A694E0FEB428864C662E66981298453",
   "stack": {
      "callFrames": [ {
         "columnNumber": 392,
         "functionName": "",
         "lineNumber": 452,
         "scriptId": "7",
         "url": "https://www.gstatic.com/recaptcha/releases/ngcIAHyEnHQZZIKkyKneDTW3/recaptcha__en.js"
      }, {
         "columnNumber": 245,
         "functionName": "",
         "lineNumber": 1192,
         "scriptId": "7",
         "url": "https://www.gstatic.com/recaptcha/releases/ngcIAHyEnHQZZIKkyKneDTW3/recaptcha__en.js"
      }, {
         "columnNumber": 473,
         "functionName": "",
         "lineNumber": 1179,
         "scriptId": "7",
         "url": "https://www.gstatic.com/recaptcha/releases/ngcIAHyEnHQZZIKkyKneDTW3/recaptcha__en.js"
      }, {
         "columnNumber": 253,
         "functionName": "",
         "lineNumber": 675,
         "scriptId": "7",
         "url": "https://www.gstatic.com/recaptcha/releases/ngcIAHyEnHQZZIKkyKneDTW3/recaptcha__en.js"
      }, {
         "columnNumber": 340,
         "functionName": "",
         "lineNumber": 115,
         "scriptId": "7",
         "url": "https://www.gstatic.com/recaptcha/releases/ngcIAHyEnHQZZIKkyKneDTW3/recaptcha__en.js"
      }, {
         "columnNumber": 427,
         "functionName": "",
         "lineNumber": 132,
         "scriptId": "7",
         "url": "https://www.gstatic.com/recaptcha/releases/ngcIAHyEnHQZZIKkyKneDTW3/recaptcha__en.js"
      }, {
         "columnNumber": 5,
         "functionName": "",
         "lineNumber": 721,
         "scriptId": "7",
         "url": "https://www.gstatic.com/recaptcha/releases/ngcIAHyEnHQZZIKkyKneDTW3/recaptcha__en.js"
      }, {
         "columnNumber": 59,
         "functionName": "",
         "lineNumber": 436,
         "scriptId": "7",
         "url": "https://www.gstatic.com/recaptcha/releases/ngcIAHyEnHQZZIKkyKneDTW3/recaptcha__en.js"
      }, {
         "columnNumber": 146,
         "functionName": "O.next",
         "lineNumber": 272,
         "scriptId": "7",
         "url": "https://www.gstatic.com/recaptcha/releases/ngcIAHyEnHQZZIKkyKneDTW3/recaptcha__en.js"
      }, {
         "columnNumber": 329,
         "functionName": "",
         "lineNumber": 77,
         "scriptId": "7",
         "url": "https://www.gstatic.com/recaptcha/releases/ngcIAHyEnHQZZIKkyKneDTW3/recaptcha__en.js"
      }, {
         "columnNumber": 222,
         "functionName": "",
         "lineNumber": 77,
         "scriptId": "7",
         "url": "https://www.gstatic.com/recaptcha/releases/ngcIAHyEnHQZZIKkyKneDTW3/recaptcha__en.js"
      }, {
         "columnNumber": 466,
         "functionName": "",
         "lineNumber": 447,
         "scriptId": "7",
         "url": "https://www.gstatic.com/recaptcha/releases/ngcIAHyEnHQZZIKkyKneDTW3/recaptcha__en.js"
      }, {
         "columnNumber": 358,
         "functionName": "m.H",
         "lineNumber": 720,
         "scriptId": "7",
         "url": "https://www.gstatic.com/recaptcha/releases/ngcIAHyEnHQZZIKkyKneDTW3/recaptcha__en.js"
      }, {
         "columnNumber": 374,
         "functionName": "",
         "lineNumber": 115,
         "scriptId": "7",
         "url": "https://www.gstatic.com/recaptcha/releases/ngcIAHyEnHQZZIKkyKneDTW3/recaptcha__en.js"
      }, {
         "columnNumber": 59,
         "functionName": "",
         "lineNumber": 436,
         "scriptId": "7",
         "url": "https://www.gstatic.com/recaptcha/releases/ngcIAHyEnHQZZIKkyKneDTW3/recaptcha__en.js"
      }, {
         "columnNumber": 146,
         "functionName": "O.next",
         "lineNumber": 272,
         "scriptId": "7",
         "url": "https://www.gstatic.com/recaptcha/releases/ngcIAHyEnHQZZIKkyKneDTW3/recaptcha__en.js"
      }, {
         "columnNumber": 329,
         "functionName": "",
         "lineNumber": 77,
         "scriptId": "7",
         "url": "https://www.gstatic.com/recaptcha/releases/ngcIAHyEnHQZZIKkyKneDTW3/recaptcha__en.js"
      }, {
         "columnNumber": 222,
         "functionName": "",
         "lineNumber": 77,
         "scriptId": "7",
         "url": "https://www.gstatic.com/recaptcha/releases/ngcIAHyEnHQZZIKkyKneDTW3/recaptcha__en.js"
      }, {
         "columnNumber": 466,
         "functionName": "",
         "lineNumber": 447,
         "scriptId": "7",
         "url": "https://www.gstatic.com/recaptcha/releases/ngcIAHyEnHQZZIKkyKneDTW3/recaptcha__en.js"
      }, "..." ]
   }
}
[1753684109.196][DEBUG]: DevTools WebSocket Event: Page.frameRequestedNavigation (session_id=16D59E24E9C5BDCA477F24B0D5E18568) 16D59E24E9C5BDCA477F24B0D5E18568 {
   "disposition": "currentTab",
   "frameId": "455D2DE291FCEC63259588E1A0BE28F3",
   "reason": "initialFrameNavigation",
   "url": "about:blank"
}
[1753684109.196][DEBUG]: DevTools WebSocket Event: Page.frameNavigated (session_id=16D59E24E9C5BDCA477F24B0D5E18568) 16D59E24E9C5BDCA477F24B0D5E18568 {
   "frame": {
      "adFrameStatus": {
         "adFrameType": "none",
         "explanations": [  ]
      },
      "crossOriginIsolatedContextType": "NotIsolatedFeatureDisabled",
      "domainAndRegistry": "",
      "gatedAPIFeatures": [  ],
      "id": "455D2DE291FCEC63259588E1A0BE28F3",
      "loaderId": "1F9FFB50A521487275A523F06D80A952",
      "mimeType": "text/html",
      "name": "",
      "parentId": "9A694E0FEB428864C662E66981298453",
      "secureContextType": "Secure",
      "securityOrigin": "://",
      "securityOriginDetails": {
         "isLocalhost": false
      },
      "url": "about:blank"
   },
   "type": "Navigation"
}
[1753684109.196][DEBUG]: DevTools WebSocket Command: Runtime.evaluate (id=35) (session_id=9CE3E02BFB9CC8ACF9A966ADF7C2A1EE) 2EE7C252918D717F42B5D869A5B5CAB0 {
   "expression": "1"
}
[1753684109.197][DEBUG]: DevTools WebSocket Event: Page.frameStartedLoading (session_id=16D59E24E9C5BDCA477F24B0D5E18568) 16D59E24E9C5BDCA477F24B0D5E18568 {
   "frameId": "455D2DE291FCEC63259588E1A0BE28F3"
}
[1753684109.197][DEBUG]: DevTools WebSocket Event: Runtime.executionContextCreated (session_id=16D59E24E9C5BDCA477F24B0D5E18568) 16D59E24E9C5BDCA477F24B0D5E18568 {
   "context": {
      "auxData": {
         "frameId": "455D2DE291FCEC63259588E1A0BE28F3",
         "isDefault": true,
         "type": "default"
      },
      "id": 2,
      "name": "",
      "origin": "https://www.google.com",
      "uniqueId": "5114251230997873070.-7494533404805085182"
   }
}
[1753684109.197][DEBUG]: DevTools WebSocket Event: Page.frameStoppedLoading (session_id=16D59E24E9C5BDCA477F24B0D5E18568) 16D59E24E9C5BDCA477F24B0D5E18568 {
   "frameId": "455D2DE291FCEC63259588E1A0BE28F3"
}
[1753684109.197][DEBUG]: DevTools WebSocket Response: Runtime.evaluate (id=35) (session_id=9CE3E02BFB9CC8ACF9A966ADF7C2A1EE) 2EE7C252918D717F42B5D869A5B5CAB0 {
   "result": {
      "description": "1",
      "type": "number",
      "value": 1
   }
}
[1753684109.249][DEBUG]: DevTools WebSocket Event: Page.loadEventFired (session_id=16D59E24E9C5BDCA477F24B0D5E18568) 16D59E24E9C5BDCA477F24B0D5E18568 {
   "timestamp": 4396.694185
}
[1753684109.249][DEBUG]: DevTools WebSocket Event: Page.frameStoppedLoading (session_id=16D59E24E9C5BDCA477F24B0D5E18568) 16D59E24E9C5BDCA477F24B0D5E18568 {
   "frameId": "9A694E0FEB428864C662E66981298453"
}
[1753684109.249][DEBUG]: DevTools WebSocket Command: Runtime.evaluate (id=36) (session_id=9CE3E02BFB9CC8ACF9A966ADF7C2A1EE) 2EE7C252918D717F42B5D869A5B5CAB0 {
   "expression": "1"
}
[1753684109.249][DEBUG]: DevTools WebSocket Event: Page.loadEventFired (session_id=9CE3E02BFB9CC8ACF9A966ADF7C2A1EE) 2EE7C252918D717F42B5D869A5B5CAB0 {
   "timestamp": 4396.694861
}
[1753684109.249][DEBUG]: DevTools WebSocket Command: Runtime.evaluate (id=37) (session_id=9CE3E02BFB9CC8ACF9A966ADF7C2A1EE) 2EE7C252918D717F42B5D869A5B5CAB0 {
   "awaitPromise": false,
   "expression": "document.readyState",
   "returnByValue": true,
   "uniqueContextId": "133988242759280273.-2194376950271659512"
}
[1753684109.250][DEBUG]: DevTools WebSocket Event: Page.frameStoppedLoading (session_id=9CE3E02BFB9CC8ACF9A966ADF7C2A1EE) 2EE7C252918D717F42B5D869A5B5CAB0 {
   "frameId": "2EE7C252918D717F42B5D869A5B5CAB0"
}
[1753684109.250][DEBUG]: DevTools WebSocket Response: Runtime.evaluate (id=36) (session_id=9CE3E02BFB9CC8ACF9A966ADF7C2A1EE) 2EE7C252918D717F42B5D869A5B5CAB0 {
   "result": {
      "description": "1",
      "type": "number",
      "value": 1
   }
}
[1753684109.250][DEBUG]: DevTools WebSocket Response: Runtime.evaluate (id=37) (session_id=9CE3E02BFB9CC8ACF9A966ADF7C2A1EE) 2EE7C252918D717F42B5D869A5B5CAB0 {
   "result": {
      "type": "string",
      "value": "complete"
   }
}
[1753684109.250][INFO]: Done waiting for pending navigations. Status: ok
[1753684109.250][INFO]: [aba42efedc09e3f14314c2ff9445b6d9] RESPONSE Navigate
[1753684109.252][INFO]: [aba42efedc09e3f14314c2ff9445b6d9] COMMAND MaximizeWindow {
   "windowHandle": "current"
}
[1753684109.252][INFO]: Waiting for pending navigations...
[1753684109.252][DEBUG]: DevTools WebSocket Command: Runtime.evaluate (id=38) (session_id=9CE3E02BFB9CC8ACF9A966ADF7C2A1EE) 2EE7C252918D717F42B5D869A5B5CAB0 {
   "expression": "1"
}
[1753684109.253][DEBUG]: DevTools WebSocket Response: Runtime.evaluate (id=38) (session_id=9CE3E02BFB9CC8ACF9A966ADF7C2A1EE) 2EE7C252918D717F42B5D869A5B5CAB0 {
   "result": {
      "description": "1",
      "type": "number",
      "value": 1
   }
}
[1753684109.253][INFO]: Done waiting for pending navigations. Status: ok
[1753684109.253][DEBUG]: DevTools WebSocket Command: Browser.getWindowForTarget (id=39) (session_id=) browser {
   "targetId": "2EE7C252918D717F42B5D869A5B5CAB0"
}
[1753684109.254][DEBUG]: DevTools WebSocket Response: Browser.getWindowForTarget (id=39) (session_id=) browser {
   "bounds": {
      "height": 804,
      "left": 22,
      "top": 59,
      "width": 1200,
      "windowState": "normal"
   },
   "windowId": 587408308
}
[1753684109.254][DEBUG]: DevTools WebSocket Command: Browser.setWindowBounds (id=40) (session_id=) browser {
   "bounds": {
      "windowState": "maximized"
   },
   "windowId": 587408308
}
[1753684109.574][DEBUG]: DevTools WebSocket Response: Browser.setWindowBounds (id=40) (session_id=) browser {
}
[1753684109.586][DEBUG]: DevTools WebSocket Command: Browser.getWindowBounds (id=41) (session_id=) browser {
   "windowId": 587408308
}
[1753684109.610][DEBUG]: DevTools WebSocket Event: Page.frameResized (session_id=9CE3E02BFB9CC8ACF9A966ADF7C2A1EE) 2EE7C252918D717F42B5D869A5B5CAB0 {
}
[1753684109.610][DEBUG]: DevTools WebSocket Event: Page.frameResized (session_id=9CE3E02BFB9CC8ACF9A966ADF7C2A1EE) 2EE7C252918D717F42B5D869A5B5CAB0 {
}
[1753684109.610][DEBUG]: DevTools WebSocket Event: Page.frameResized (session_id=9CE3E02BFB9CC8ACF9A966ADF7C2A1EE) 2EE7C252918D717F42B5D869A5B5CAB0 {
}
[1753684109.610][DEBUG]: DevTools WebSocket Event: Page.frameResized (session_id=9CE3E02BFB9CC8ACF9A966ADF7C2A1EE) 2EE7C252918D717F42B5D869A5B5CAB0 {
}
[1753684109.610][DEBUG]: DevTools WebSocket Event: Page.frameResized (session_id=9CE3E02BFB9CC8ACF9A966ADF7C2A1EE) 2EE7C252918D717F42B5D869A5B5CAB0 {
}
[1753684109.610][DEBUG]: DevTools WebSocket Event: Page.frameResized (session_id=9CE3E02BFB9CC8ACF9A966ADF7C2A1EE) 2EE7C252918D717F42B5D869A5B5CAB0 {
}
[1753684109.610][DEBUG]: DevTools WebSocket Event: Page.frameResized (session_id=9CE3E02BFB9CC8ACF9A966ADF7C2A1EE) 2EE7C252918D717F42B5D869A5B5CAB0 {
}
[1753684109.611][DEBUG]: DevTools WebSocket Event: Page.frameResized (session_id=9CE3E02BFB9CC8ACF9A966ADF7C2A1EE) 2EE7C252918D717F42B5D869A5B5CAB0 {
}
[1753684109.611][DEBUG]: DevTools WebSocket Event: Page.frameResized (session_id=9CE3E02BFB9CC8ACF9A966ADF7C2A1EE) 2EE7C252918D717F42B5D869A5B5CAB0 {
}
[1753684109.611][DEBUG]: DevTools WebSocket Event: Page.frameResized (session_id=9CE3E02BFB9CC8ACF9A966ADF7C2A1EE) 2EE7C252918D717F42B5D869A5B5CAB0 {
}
[1753684109.611][DEBUG]: DevTools WebSocket Event: Page.frameResized (session_id=9CE3E02BFB9CC8ACF9A966ADF7C2A1EE) 2EE7C252918D717F42B5D869A5B5CAB0 {
}
[1753684109.611][DEBUG]: DevTools WebSocket Response: Browser.getWindowBounds (id=41) (session_id=) browser {
   "bounds": {
      "height": 850,
      "left": 0,
      "top": 37,
      "width": 1470,
      "windowState": "maximized"
   }
}
[1753684109.611][DEBUG]: DevTools WebSocket Command: Browser.getWindowBounds (id=42) (session_id=) browser {
   "windowId": 587408308
}
[1753684109.611][DEBUG]: DevTools WebSocket Response: Browser.getWindowBounds (id=42) (session_id=) browser {
   "bounds": {
      "height": 850,
      "left": 0,
      "top": 37,
      "width": 1470,
      "windowState": "maximized"
   }
}
[1753684109.611][DEBUG]: DevTools WebSocket Command: Browser.getWindowForTarget (id=43) (session_id=) browser {
   "targetId": "2EE7C252918D717F42B5D869A5B5CAB0"
}
[1753684109.611][DEBUG]: DevTools WebSocket Response: Browser.getWindowForTarget (id=43) (session_id=) browser {
   "bounds": {
      "height": 850,
      "left": 0,
      "top": 37,
      "width": 1470,
      "windowState": "maximized"
   },
   "windowId": 587408308
}
[1753684109.611][INFO]: Waiting for pending navigations...
[1753684109.611][DEBUG]: DevTools WebSocket Command: Runtime.evaluate (id=44) (session_id=9CE3E02BFB9CC8ACF9A966ADF7C2A1EE) 2EE7C252918D717F42B5D869A5B5CAB0 {
   "expression": "1"
}
[1753684109.614][DEBUG]: DevTools WebSocket Response: Runtime.evaluate (id=44) (session_id=9CE3E02BFB9CC8ACF9A966ADF7C2A1EE) 2EE7C252918D717F42B5D869A5B5CAB0 {
   "result": {
      "description": "1",
      "type": "number",
      "value": 1
   }
}
[1753684109.614][INFO]: Done waiting for pending navigations. Status: ok
[1753684109.614][INFO]: [aba42efedc09e3f14314c2ff9445b6d9] RESPONSE MaximizeWindow {
   "height": 850,
   "width": 1470,
   "x": 0,
   "y": 37
}
WARNING: All log messages before absl::InitializeLog() is called are written to STDERR
I0000 00:00:1753684110.279896  100017 voice_transcription.cc:58] Registering VoiceTranscriptionCapability
Trying to load the allocator multiple times. This is *not* supported.
[19147:99994:0728/115830.928812:ERROR:components/policy/core/browser/policy_conversions_client.cc:315] CloudProfileReportingEnabled has an error of type: Ignored because the policy can only be set as a cloud user policy.
[19147:99994:0728/115830.928851:ERROR:components/policy/core/browser/policy_conversions_client.cc:315] EnterpriseCustomLabel has an error of type: Ignored because the policy can only be set as a cloud user policy.
[19147:99994:0728/115830.928862:ERROR:components/policy/core/browser/policy_conversions_client.cc:315] EnterpriseLogoUrl has an error of type: Ignored because the policy can only be set as a cloud user policy.
[19147:99994:0728/115830.928892:ERROR:components/policy/core/browser/policy_conversions_client.cc:315] ManagedAccountsSigninRestriction has an error of type: Ignored because it was overridden by ProfileSeparationDataMigrationSettings.
[19147:100018:0728/115831.000685:ERROR:google_apis/gcm/engine/registration_request.cc:291] Registration response error message: DEPRECATED_ENDPOINT
[19147:100018:0728/115831.374258:ERROR:google_apis/gcm/engine/registration_request.cc:291] Registration response error message: DEPRECATED_ENDPOINT
Created TensorFlow Lite XNNPACK delegate for CPU.
Attempting to use a delegate that only supports static-sized tensors with a graph that has dynamic-sized tensors (tensor#-1 is a dynamic-sized tensor).
[1753684129.620][INFO]: [aba42efedc09e3f14314c2ff9445b6d9] COMMAND GetTitle {
}
[1753684129.620][DEBUG]: DevTools WebSocket Event: Page.frameAttached (session_id=9CE3E02BFB9CC8ACF9A966ADF7C2A1EE) 2EE7C252918D717F42B5D869A5B5CAB0 {
   "frameId": "0FBE5FE5F40A7361179781531EA067CF",
   "parentFrameId": "2EE7C252918D717F42B5D869A5B5CAB0",
   "stack": {
      "callFrames": [ {
         "columnNumber": 148483,
         "functionName": "",
         "lineNumber": 3,
         "scriptId": "69",
         "url": "https://script.hotjar.com/modules.a3cb6dcf71aec7e1a87f.js"
      }, {
         "columnNumber": 148501,
         "functionName": "s",
         "lineNumber": 3,
         "scriptId": "69",
         "url": "https://script.hotjar.com/modules.a3cb6dcf71aec7e1a87f.js"
      }, {
         "columnNumber": 147565,
         "functionName": "7698",
         "lineNumber": 3,
         "scriptId": "69",
         "url": "https://script.hotjar.com/modules.a3cb6dcf71aec7e1a87f.js"
      }, {
         "columnNumber": 228846,
         "functionName": "n",
         "lineNumber": 3,
         "scriptId": "69",
         "url": "https://script.hotjar.com/modules.a3cb6dcf71aec7e1a87f.js"
      }, {
         "columnNumber": 146121,
         "functionName": "1469",
         "lineNumber": 3,
         "scriptId": "69",
         "url": "https://script.hotjar.com/modules.a3cb6dcf71aec7e1a87f.js"
      }, {
         "columnNumber": 228846,
         "functionName": "n",
         "lineNumber": 3,
         "scriptId": "69",
         "url": "https://script.hotjar.com/modules.a3cb6dcf71aec7e1a87f.js"
      }, {
         "columnNumber": 77301,
         "functionName": "4931",
         "lineNumber": 3,
         "scriptId": "69",
         "url": "https://script.hotjar.com/modules.a3cb6dcf71aec7e1a87f.js"
      }, {
         "columnNumber": 228846,
         "functionName": "n",
         "lineNumber": 3,
         "scriptId": "69",
         "url": "https://script.hotjar.com/modules.a3cb6dcf71aec7e1a87f.js"
      }, {
         "columnNumber": 230047,
         "functionName": "",
         "lineNumber": 3,
         "scriptId": "69",
         "url": "https://script.hotjar.com/modules.a3cb6dcf71aec7e1a87f.js"
      }, {
         "columnNumber": 230240,
         "functionName": "",
         "lineNumber": 3,
         "scriptId": "69",
         "url": "https://script.hotjar.com/modules.a3cb6dcf71aec7e1a87f.js"
      }, {
         "columnNumber": 230243,
         "functionName": "",
         "lineNumber": 3,
         "scriptId": "69",
         "url": "https://script.hotjar.com/modules.a3cb6dcf71aec7e1a87f.js"
      } ]
   }
}
[1753684129.620][DEBUG]: DevTools WebSocket Event: Page.frameRequestedNavigation (session_id=9CE3E02BFB9CC8ACF9A966ADF7C2A1EE) 2EE7C252918D717F42B5D869A5B5CAB0 {
   "disposition": "currentTab",
   "frameId": "0FBE5FE5F40A7361179781531EA067CF",
   "reason": "initialFrameNavigation",
   "url": "about:blank"
}
[1753684129.620][DEBUG]: DevTools WebSocket Event: Page.frameNavigated (session_id=9CE3E02BFB9CC8ACF9A966ADF7C2A1EE) 2EE7C252918D717F42B5D869A5B5CAB0 {
   "frame": {
      "adFrameStatus": {
         "adFrameType": "none",
         "explanations": [  ]
      },
      "crossOriginIsolatedContextType": "NotIsolated",
      "domainAndRegistry": "",
      "gatedAPIFeatures": [  ],
      "id": "0FBE5FE5F40A7361179781531EA067CF",
      "loaderId": "01AF938391ECB7F6E12ADDD394EB0D4E",
      "mimeType": "text/html",
      "name": "_hjSafeContext_6556557",
      "parentId": "2EE7C252918D717F42B5D869A5B5CAB0",
      "secureContextType": "Secure",
      "securityOrigin": "://",
      "securityOriginDetails": {
         "isLocalhost": false
      },
      "url": "about:blank"
   },
   "type": "Navigation"
}
[1753684129.620][DEBUG]: DevTools WebSocket Event: Page.frameStartedLoading (session_id=9CE3E02BFB9CC8ACF9A966ADF7C2A1EE) 2EE7C252918D717F42B5D869A5B5CAB0 {
   "frameId": "0FBE5FE5F40A7361179781531EA067CF"
}
[1753684129.620][DEBUG]: DevTools WebSocket Event: Runtime.executionContextCreated (session_id=9CE3E02BFB9CC8ACF9A966ADF7C2A1EE) 2EE7C252918D717F42B5D869A5B5CAB0 {
   "context": {
      "auxData": {
         "frameId": "0FBE5FE5F40A7361179781531EA067CF",
         "isDefault": true,
         "type": "default"
      },
      "id": 3,
      "name": "",
      "origin": "https://ultimateqa.com",
      "uniqueId": "7296870291473436099.-2468678356945896302"
   }
}
[1753684129.620][DEBUG]: DevTools WebSocket Event: Page.frameStoppedLoading (session_id=9CE3E02BFB9CC8ACF9A966ADF7C2A1EE) 2EE7C252918D717F42B5D869A5B5CAB0 {
   "frameId": "0FBE5FE5F40A7361179781531EA067CF"
}
[1753684129.620][INFO]: Waiting for pending navigations...
[1753684129.620][DEBUG]: DevTools WebSocket Command: Runtime.evaluate (id=45) (session_id=9CE3E02BFB9CC8ACF9A966ADF7C2A1EE) 2EE7C252918D717F42B5D869A5B5CAB0 {
   "expression": "1"
}
[1753684129.620][DEBUG]: DevTools WebSocket Response: Runtime.evaluate (id=45) (session_id=9CE3E02BFB9CC8ACF9A966ADF7C2A1EE) 2EE7C252918D717F42B5D869A5B5CAB0 {
   "result": {
      "description": "1",
      "type": "number",
      "value": 1
   }
}
[1753684129.620][INFO]: Done waiting for pending navigations. Status: ok
[1753684129.620][DEBUG]: DevTools WebSocket Command: Page.getFrameTree (id=46) (session_id=9CE3E02BFB9CC8ACF9A966ADF7C2A1EE) 2EE7C252918D717F42B5D869A5B5CAB0 {
}
[1753684129.620][DEBUG]: DevTools WebSocket Response: Page.getFrameTree (id=46) (session_id=9CE3E02BFB9CC8ACF9A966ADF7C2A1EE) 2EE7C252918D717F42B5D869A5B5CAB0 {
   "frameTree": {
      "childFrames": [ {
         "frame": {
            "adFrameStatus": {
               "adFrameType": "none",
               "explanations": [  ]
            },
            "crossOriginIsolatedContextType": "NotIsolated",
            "domainAndRegistry": "",
            "gatedAPIFeatures": [  ],
            "id": "C78E7CC7059701E5E6F54AA5BF93FBF6",
            "loaderId": "EABB5C2A45CEE53173DCCE53FD938581",
            "mimeType": "text/html",
            "name": "",
            "parentId": "2EE7C252918D717F42B5D869A5B5CAB0",
            "secureContextType": "Secure",
            "securityOrigin": "://",
            "securityOriginDetails": {
               "isLocalhost": false
            },
            "url": "about:blank"
         }
      }, {
         "frame": {
            "adFrameStatus": {
               "adFrameType": "none",
               "explanations": [  ]
            },
            "crossOriginIsolatedContextType": "NotIsolated",
            "domainAndRegistry": "",
            "gatedAPIFeatures": [  ],
            "id": "0FBE5FE5F40A7361179781531EA067CF",
            "loaderId": "01AF938391ECB7F6E12ADDD394EB0D4E",
            "mimeType": "text/html",
            "name": "_hjSafeContext_6556557",
            "parentId": "2EE7C252918D717F42B5D869A5B5CAB0",
            "secureContextType": "Secure",
            "securityOrigin": "://",
            "securityOriginDetails": {
               "isLocalhost": false
            },
            "url": "about:blank"
         }
      } ],
      "frame": {
         "adFrameStatus": {
            "adFrameType": "none"
         },
         "crossOriginIsolatedContextType": "NotIsolated",
         "domainAndRegistry": "ultimateqa.com",
         "gatedAPIFeatures": [  ],
         "id": "2EE7C252918D717F42B5D869A5B5CAB0",
         "loaderId": "04891D9E71651F0D3E41395251C0C13B",
         "mimeType": "text/html",
         "secureContextType": "Secure",
         "securityOrigin": "https://ultimateqa.com",
         "securityOriginDetails": {
            "isLocalhost": false
         },
         "url": "https://ultimateqa.com/automation"
      }
   }
}
[1753684129.620][DEBUG]: DevTools WebSocket Command: Page.getFrameTree (id=47) (session_id=9CE3E02BFB9CC8ACF9A966ADF7C2A1EE) 2EE7C252918D717F42B5D869A5B5CAB0 {
}
[1753684129.621][DEBUG]: DevTools WebSocket Response: Page.getFrameTree (id=47) (session_id=9CE3E02BFB9CC8ACF9A966ADF7C2A1EE) 2EE7C252918D717F42B5D869A5B5CAB0 {
   "frameTree": {
      "childFrames": [ {
         "frame": {
            "adFrameStatus": {
               "adFrameType": "none",
               "explanations": [  ]
            },
            "crossOriginIsolatedContextType": "NotIsolated",
            "domainAndRegistry": "",
            "gatedAPIFeatures": [  ],
            "id": "C78E7CC7059701E5E6F54AA5BF93FBF6",
            "loaderId": "EABB5C2A45CEE53173DCCE53FD938581",
            "mimeType": "text/html",
            "name": "",
            "parentId": "2EE7C252918D717F42B5D869A5B5CAB0",
            "secureContextType": "Secure",
            "securityOrigin": "://",
            "securityOriginDetails": {
               "isLocalhost": false
            },
            "url": "about:blank"
         }
      }, {
         "frame": {
            "adFrameStatus": {
               "adFrameType": "none",
               "explanations": [  ]
            },
            "crossOriginIsolatedContextType": "NotIsolated",
            "domainAndRegistry": "",
            "gatedAPIFeatures": [  ],
            "id": "0FBE5FE5F40A7361179781531EA067CF",
            "loaderId": "01AF938391ECB7F6E12ADDD394EB0D4E",
            "mimeType": "text/html",
            "name": "_hjSafeContext_6556557",
            "parentId": "2EE7C252918D717F42B5D869A5B5CAB0",
            "secureContextType": "Secure",
            "securityOrigin": "://",
            "securityOriginDetails": {
               "isLocalhost": false
            },
            "url": "about:blank"
         }
      } ],
      "frame": {
         "adFrameStatus": {
            "adFrameType": "none"
         },
         "crossOriginIsolatedContextType": "NotIsolated",
         "domainAndRegistry": "ultimateqa.com",
         "gatedAPIFeatures": [  ],
         "id": "2EE7C252918D717F42B5D869A5B5CAB0",
         "loaderId": "04891D9E71651F0D3E41395251C0C13B",
         "mimeType": "text/html",
         "secureContextType": "Secure",
         "securityOrigin": "https://ultimateqa.com",
         "securityOriginDetails": {
            "isLocalhost": false
         },
         "url": "https://ultimateqa.com/automation"
      }
   }
}
[1753684129.621][DEBUG]: DevTools WebSocket Command: Runtime.callFunctionOn (id=48) (session_id=9CE3E02BFB9CC8ACF9A966ADF7C2A1EE) 2EE7C252918D717F42B5D869A5B5CAB0 {
   "arguments": [  ],
   "awaitPromise": true,
   "functionDeclaration": "function(){ return (function() { // Copyright 2012 The Chromium Authors\n// Use of this source code is governed by a BSD-style license that can be\n// found in the LICENSE file.\n\n/**\n * Enum for WebD...",
   "serializationOptions": {
      "serialization": "deep"
   },
   "uniqueContextId": "133988242759280273.-2194376950271659512"
}
[1753684129.622][DEBUG]: DevTools WebSocket Response: Runtime.callFunctionOn (id=48) (session_id=9CE3E02BFB9CC8ACF9A966ADF7C2A1EE) 2EE7C252918D717F42B5D869A5B5CAB0 {
   "result": {
      "className": "Array",
      "deepSerializedValue": {
         "type": "array",
         "value": [ {
            "type": "string",
            "value": "{\"status\":0,\"value\":\"Automation Practice - Ultimate QA\"}"
         } ]
      },
      "description": "Array(1)",
      "objectId": "193261593885138874.1.3",
      "subtype": "array",
      "type": "object"
   }
}
[1753684129.622][INFO]: Waiting for pending navigations...
[1753684129.622][DEBUG]: DevTools WebSocket Command: Runtime.evaluate (id=49) (session_id=9CE3E02BFB9CC8ACF9A966ADF7C2A1EE) 2EE7C252918D717F42B5D869A5B5CAB0 {
   "expression": "1"
}
[1753684129.622][DEBUG]: DevTools WebSocket Response: Runtime.evaluate (id=49) (session_id=9CE3E02BFB9CC8ACF9A966ADF7C2A1EE) 2EE7C252918D717F42B5D869A5B5CAB0 {
   "result": {
      "description": "1",
      "type": "number",
      "value": 1
   }
}
[1753684129.622][INFO]: Done waiting for pending navigations. Status: ok
[1753684129.622][INFO]: [aba42efedc09e3f14314c2ff9445b6d9] RESPONSE GetTitle "Automation Practice - Ultimate QA"
[1753684129.625][INFO]: [aba42efedc09e3f14314c2ff9445b6d9] COMMAND GetTitle {
}
[1753684129.625][INFO]: Waiting for pending navigations...
[1753684129.625][DEBUG]: DevTools WebSocket Command: Runtime.evaluate (id=50) (session_id=9CE3E02BFB9CC8ACF9A966ADF7C2A1EE) 2EE7C252918D717F42B5D869A5B5CAB0 {
   "expression": "1"
}
[1753684129.625][DEBUG]: DevTools WebSocket Response: Runtime.evaluate (id=50) (session_id=9CE3E02BFB9CC8ACF9A966ADF7C2A1EE) 2EE7C252918D717F42B5D869A5B5CAB0 {
   "result": {
      "description": "1",
      "type": "number",
      "value": 1
   }
}
[1753684129.625][INFO]: Done waiting for pending navigations. Status: ok
[1753684129.625][DEBUG]: DevTools WebSocket Command: Page.getFrameTree (id=51) (session_id=9CE3E02BFB9CC8ACF9A966ADF7C2A1EE) 2EE7C252918D717F42B5D869A5B5CAB0 {
}
[1753684129.626][DEBUG]: DevTools WebSocket Response: Page.getFrameTree (id=51) (session_id=9CE3E02BFB9CC8ACF9A966ADF7C2A1EE) 2EE7C252918D717F42B5D869A5B5CAB0 {
   "frameTree": {
      "childFrames": [ {
         "frame": {
            "adFrameStatus": {
               "adFrameType": "none",
               "explanations": [  ]
            },
            "crossOriginIsolatedContextType": "NotIsolated",
            "domainAndRegistry": "",
            "gatedAPIFeatures": [  ],
            "id": "C78E7CC7059701E5E6F54AA5BF93FBF6",
            "loaderId": "EABB5C2A45CEE53173DCCE53FD938581",
            "mimeType": "text/html",
            "name": "",
            "parentId": "2EE7C252918D717F42B5D869A5B5CAB0",
            "secureContextType": "Secure",
            "securityOrigin": "://",
            "securityOriginDetails": {
               "isLocalhost": false
            },
            "url": "about:blank"
         }
      }, {
         "frame": {
            "adFrameStatus": {
               "adFrameType": "none",
               "explanations": [  ]
            },
            "crossOriginIsolatedContextType": "NotIsolated",
            "domainAndRegistry": "",
            "gatedAPIFeatures": [  ],
            "id": "0FBE5FE5F40A7361179781531EA067CF",
            "loaderId": "01AF938391ECB7F6E12ADDD394EB0D4E",
            "mimeType": "text/html",
            "name": "_hjSafeContext_6556557",
            "parentId": "2EE7C252918D717F42B5D869A5B5CAB0",
            "secureContextType": "Secure",
            "securityOrigin": "://",
            "securityOriginDetails": {
               "isLocalhost": false
            },
            "url": "about:blank"
         }
      } ],
      "frame": {
         "adFrameStatus": {
            "adFrameType": "none"
         },
         "crossOriginIsolatedContextType": "NotIsolated",
         "domainAndRegistry": "ultimateqa.com",
         "gatedAPIFeatures": [  ],
         "id": "2EE7C252918D717F42B5D869A5B5CAB0",
         "loaderId": "04891D9E71651F0D3E41395251C0C13B",
         "mimeType": "text/html",
         "secureContextType": "Secure",
         "securityOrigin": "https://ultimateqa.com",
         "securityOriginDetails": {
            "isLocalhost": false
         },
         "url": "https://ultimateqa.com/automation"
      }
   }
}
[1753684129.626][DEBUG]: DevTools WebSocket Command: Page.getFrameTree (id=52) (session_id=9CE3E02BFB9CC8ACF9A966ADF7C2A1EE) 2EE7C252918D717F42B5D869A5B5CAB0 {
}
[1753684129.626][DEBUG]: DevTools WebSocket Response: Page.getFrameTree (id=52) (session_id=9CE3E02BFB9CC8ACF9A966ADF7C2A1EE) 2EE7C252918D717F42B5D869A5B5CAB0 {
   "frameTree": {
      "childFrames": [ {
         "frame": {
            "adFrameStatus": {
               "adFrameType": "none",
               "explanations": [  ]
            },
            "crossOriginIsolatedContextType": "NotIsolated",
            "domainAndRegistry": "",
            "gatedAPIFeatures": [  ],
            "id": "C78E7CC7059701E5E6F54AA5BF93FBF6",
            "loaderId": "EABB5C2A45CEE53173DCCE53FD938581",
            "mimeType": "text/html",
            "name": "",
            "parentId": "2EE7C252918D717F42B5D869A5B5CAB0",
            "secureContextType": "Secure",
            "securityOrigin": "://",
            "securityOriginDetails": {
               "isLocalhost": false
            },
            "url": "about:blank"
         }
      }, {
         "frame": {
            "adFrameStatus": {
               "adFrameType": "none",
               "explanations": [  ]
            },
            "crossOriginIsolatedContextType": "NotIsolated",
            "domainAndRegistry": "",
            "gatedAPIFeatures": [  ],
            "id": "0FBE5FE5F40A7361179781531EA067CF",
            "loaderId": "01AF938391ECB7F6E12ADDD394EB0D4E",
            "mimeType": "text/html",
            "name": "_hjSafeContext_6556557",
            "parentId": "2EE7C252918D717F42B5D869A5B5CAB0",
            "secureContextType": "Secure",
            "securityOrigin": "://",
            "securityOriginDetails": {
               "isLocalhost": false
            },
            "url": "about:blank"
         }
      } ],
      "frame": {
         "adFrameStatus": {
            "adFrameType": "none"
         },
         "crossOriginIsolatedContextType": "NotIsolated",
         "domainAndRegistry": "ultimateqa.com",
         "gatedAPIFeatures": [  ],
         "id": "2EE7C252918D717F42B5D869A5B5CAB0",
         "loaderId": "04891D9E71651F0D3E41395251C0C13B",
         "mimeType": "text/html",
         "secureContextType": "Secure",
         "securityOrigin": "https://ultimateqa.com",
         "securityOriginDetails": {
            "isLocalhost": false
         },
         "url": "https://ultimateqa.com/automation"
      }
   }
}
[1753684129.626][DEBUG]: DevTools WebSocket Command: Runtime.callFunctionOn (id=53) (session_id=9CE3E02BFB9CC8ACF9A966ADF7C2A1EE) 2EE7C252918D717F42B5D869A5B5CAB0 {
   "arguments": [  ],
   "awaitPromise": true,
   "functionDeclaration": "function(){ return (function() { // Copyright 2012 The Chromium Authors\n// Use of this source code is governed by a BSD-style license that can be\n// found in the LICENSE file.\n\n/**\n * Enum for WebD...",
   "serializationOptions": {
      "serialization": "deep"
   },
   "uniqueContextId": "133988242759280273.-2194376950271659512"
}
[1753684129.626][DEBUG]: DevTools WebSocket Response: Runtime.callFunctionOn (id=53) (session_id=9CE3E02BFB9CC8ACF9A966ADF7C2A1EE) 2EE7C252918D717F42B5D869A5B5CAB0 {
   "result": {
      "className": "Array",
      "deepSerializedValue": {
         "type": "array",
         "value": [ {
            "type": "string",
            "value": "{\"status\":0,\"value\":\"Automation Practice - Ultimate QA\"}"
         } ]
      },
      "description": "Array(1)",
      "objectId": "193261593885138874.1.4",
      "subtype": "array",
      "type": "object"
   }
}
[1753684129.626][INFO]: Waiting for pending navigations...
[1753684129.626][DEBUG]: DevTools WebSocket Command: Runtime.evaluate (id=54) (session_id=9CE3E02BFB9CC8ACF9A966ADF7C2A1EE) 2EE7C252918D717F42B5D869A5B5CAB0 {
   "expression": "1"
}
[1753684129.627][DEBUG]: DevTools WebSocket Response: Runtime.evaluate (id=54) (session_id=9CE3E02BFB9CC8ACF9A966ADF7C2A1EE) 2EE7C252918D717F42B5D869A5B5CAB0 {
   "result": {
      "description": "1",
      "type": "number",
      "value": 1
   }
}
[1753684129.627][INFO]: Done waiting for pending navigations. Status: ok
[1753684129.627][INFO]: [aba42efedc09e3f14314c2ff9445b6d9] RESPONSE GetTitle "Automation Practice - Ultimate QA"
[1753684129.630][INFO]: [aba42efedc09e3f14314c2ff9445b6d9] COMMAND GetLog {
   "type": "browser"
}
[1753684129.630][DEBUG]: DevTools WebSocket Command: Runtime.evaluate (id=55) (session_id=9CE3E02BFB9CC8ACF9A966ADF7C2A1EE) 2EE7C252918D717F42B5D869A5B5CAB0 {
   "awaitPromise": false,
   "expression": "1",
   "returnByValue": true
}
[1753684129.631][DEBUG]: DevTools WebSocket Response: Runtime.evaluate (id=55) (session_id=9CE3E02BFB9CC8ACF9A966ADF7C2A1EE) 2EE7C252918D717F42B5D869A5B5CAB0 {
   "result": {
      "description": "1",
      "type": "number",
      "value": 1
   }
}
[1753684129.631][INFO]: [aba42efedc09e3f14314c2ff9445b6d9] RESPONSE GetLog [ {
   "level": "WARNING",
   "message": "https://ultimateqa.com/wp-content/cache/min/1/site/638e222f41a4249eb4c09456.js?ver=1753643101 0:1612 \"Unexpected CTA position value:\" \"\"",
   "source": "console-api",
   "timestamp": 1.753684107724e+12
} ]
[1753684129.634][INFO]: [aba42efedc09e3f14314c2ff9445b6d9] COMMAND Quit {
}
[1753684129.688][INFO]: [aba42efedc09e3f14314c2ff9445b6d9] RESPONSE Quit
[1753684129.688][DEBUG]: Log type 'driver' lost 0 entries on destruction
[1753684129.688][DEBUG]: Log type 'browser' lost 0 entries on destruction
